C:\USERS\DEV POUDEL\DOCUMENTS\VISUAL STUDIO 2010\PROJECTS\ATLATEC\ATLATEC\DEBUG\ATLATEC.EXE.EMBED.MANIFEST
C:\USERS\DEV POUDEL\DOCUMENTS\VISUAL STUDIO 2010\PROJECTS\ATLATEC\ATLATEC\DEBUG\ATLATEC.EXE.EMBED.MANIFEST.RES
C:\USERS\DEV POUDEL\DOCUMENTS\VISUAL STUDIO 2010\PROJECTS\ATLATEC\ATLATEC\DEBUG\ATLATEC.EXE.INTERMEDIATE.MANIFEST
C:\USERS\DEV POUDEL\DOCUMENTS\VISUAL STUDIO 2010\PROJECTS\ATLATEC\ATLATEC\DEBUG\ATLATEC.OBJ
C:\USERS\DEV POUDEL\DOCUMENTS\VISUAL STUDIO 2010\PROJECTS\ATLATEC\ATLATEC\DEBUG\ATLATEC.PCH
C:\Users\dev poudel\documents\visual studio 2010\Projects\atlatec\atlatec\Debug\atlatec.vcxprojResolveAssemblyReference.cache
C:\Users\dev poudel\documents\visual studio 2010\Projects\atlatec\atlatec\Debug\atlatec.write.1.tlog
C:\Users\dev poudel\documents\visual studio 2010\Projects\atlatec\atlatec\Debug\atlatec_manifest.rc
C:\Users\dev poudel\documents\visual studio 2010\Projects\atlatec\atlatec\Debug\cl.command.1.tlog
C:\Users\dev poudel\documents\visual studio 2010\Projects\atlatec\atlatec\Debug\CL.read.1.tlog
C:\Users\dev poudel\documents\visual studio 2010\Projects\atlatec\atlatec\Debug\CL.write.1.tlog
C:\Users\dev poudel\documents\visual studio 2010\Projects\atlatec\atlatec\Debug\link.2080.read.1.tlog
C:\Users\dev poudel\documents\visual studio 2010\Projects\atlatec\atlatec\Debug\link.2080.write.1.tlog
C:\Users\dev poudel\documents\visual studio 2010\Projects\atlatec\atlatec\Debug\link.2080-cvtres.read.1.tlog
C:\Users\dev poudel\documents\visual studio 2010\Projects\atlatec\atlatec\Debug\link.2080-cvtres.write.1.tlog
C:\Users\dev poudel\documents\visual studio 2010\Projects\atlatec\atlatec\Debug\link.3664.read.1.tlog
C:\Users\dev poudel\documents\visual studio 2010\Projects\atlatec\atlatec\Debug\link.3664.write.1.tlog
C:\Users\dev poudel\documents\visual studio 2010\Projects\atlatec\atlatec\Debug\link.3664-cvtres.read.1.tlog
C:\Users\dev poudel\documents\visual studio 2010\Projects\atlatec\atlatec\Debug\link.3664-cvtres.write.1.tlog
C:\Users\dev poudel\documents\visual studio 2010\Projects\atlatec\atlatec\Debug\link.3856.read.1.tlog
C:\Users\dev poudel\documents\visual studio 2010\Projects\atlatec\atlatec\Debug\link.3856.write.1.tlog
C:\Users\dev poudel\documents\visual studio 2010\Projects\atlatec\atlatec\Debug\link.3856-cvtres.read.1.tlog
C:\Users\dev poudel\documents\visual studio 2010\Projects\atlatec\atlatec\Debug\link.3856-cvtres.write.1.tlog
C:\Users\dev poudel\documents\visual studio 2010\Projects\atlatec\atlatec\Debug\link.4228.read.1.tlog
C:\Users\dev poudel\documents\visual studio 2010\Projects\atlatec\atlatec\Debug\link.4228.write.1.tlog
C:\Users\dev poudel\documents\visual studio 2010\Projects\atlatec\atlatec\Debug\link.4228-cvtres.read.1.tlog
C:\Users\dev poudel\documents\visual studio 2010\Projects\atlatec\atlatec\Debug\link.4228-cvtres.write.1.tlog
C:\Users\dev poudel\documents\visual studio 2010\Projects\atlatec\atlatec\Debug\link.4648.read.1.tlog
C:\Users\dev poudel\documents\visual studio 2010\Projects\atlatec\atlatec\Debug\link.4648.write.1.tlog
C:\Users\dev poudel\documents\visual studio 2010\Projects\atlatec\atlatec\Debug\link.4648-cvtres.read.1.tlog
C:\Users\dev poudel\documents\visual studio 2010\Projects\atlatec\atlatec\Debug\link.4648-cvtres.write.1.tlog
C:\Users\dev poudel\documents\visual studio 2010\Projects\atlatec\atlatec\Debug\link.5112.read.1.tlog
C:\Users\dev poudel\documents\visual studio 2010\Projects\atlatec\atlatec\Debug\link.5112.write.1.tlog
C:\Users\dev poudel\documents\visual studio 2010\Projects\atlatec\atlatec\Debug\link.5112-cvtres.read.1.tlog
C:\Users\dev poudel\documents\visual studio 2010\Projects\atlatec\atlatec\Debug\link.5112-cvtres.write.1.tlog
C:\Users\dev poudel\documents\visual studio 2010\Projects\atlatec\atlatec\Debug\link.6912.read.1.tlog
C:\Users\dev poudel\documents\visual studio 2010\Projects\atlatec\atlatec\Debug\link.6912.write.1.tlog
C:\Users\dev poudel\documents\visual studio 2010\Projects\atlatec\atlatec\Debug\link.6912-cvtres.read.1.tlog
C:\Users\dev poudel\documents\visual studio 2010\Projects\atlatec\atlatec\Debug\link.6912-cvtres.write.1.tlog
C:\Users\dev poudel\documents\visual studio 2010\Projects\atlatec\atlatec\Debug\link.7176.read.1.tlog
C:\Users\dev poudel\documents\visual studio 2010\Projects\atlatec\atlatec\Debug\link.7176.write.1.tlog
C:\Users\dev poudel\documents\visual studio 2010\Projects\atlatec\atlatec\Debug\link.7176-cvtres.read.1.tlog
C:\Users\dev poudel\documents\visual studio 2010\Projects\atlatec\atlatec\Debug\link.7176-cvtres.write.1.tlog
C:\Users\dev poudel\documents\visual studio 2010\Projects\atlatec\atlatec\Debug\link.8344.read.1.tlog
C:\Users\dev poudel\documents\visual studio 2010\Projects\atlatec\atlatec\Debug\link.8344.write.1.tlog
C:\Users\dev poudel\documents\visual studio 2010\Projects\atlatec\atlatec\Debug\link.8344-cvtres.read.1.tlog
C:\Users\dev poudel\documents\visual studio 2010\Projects\atlatec\atlatec\Debug\link.8344-cvtres.write.1.tlog
C:\Users\dev poudel\documents\visual studio 2010\Projects\atlatec\atlatec\Debug\link.8860.read.1.tlog
C:\Users\dev poudel\documents\visual studio 2010\Projects\atlatec\atlatec\Debug\link.8860.write.1.tlog
C:\Users\dev poudel\documents\visual studio 2010\Projects\atlatec\atlatec\Debug\link.8860-cvtres.read.1.tlog
C:\Users\dev poudel\documents\visual studio 2010\Projects\atlatec\atlatec\Debug\link.8860-cvtres.write.1.tlog
C:\Users\dev poudel\documents\visual studio 2010\Projects\atlatec\atlatec\Debug\link.command.1.tlog
C:\Users\dev poudel\documents\visual studio 2010\Projects\atlatec\atlatec\Debug\link.read.1.tlog
C:\Users\dev poudel\documents\visual studio 2010\Projects\atlatec\atlatec\Debug\link.write.1.tlog
C:\Users\dev poudel\documents\visual studio 2010\Projects\atlatec\atlatec\Debug\link-cvtres.read.1.tlog
C:\Users\dev poudel\documents\visual studio 2010\Projects\atlatec\atlatec\Debug\link-cvtres.write.1.tlog
C:\USERS\DEV POUDEL\DOCUMENTS\VISUAL STUDIO 2010\PROJECTS\ATLATEC\ATLATEC\DEBUG\MMATRIX.OBJ
C:\Users\dev poudel\documents\visual studio 2010\Projects\atlatec\atlatec\Debug\mt.command.1.tlog
C:\Users\dev poudel\documents\visual studio 2010\Projects\atlatec\atlatec\Debug\mt.read.1.tlog
C:\Users\dev poudel\documents\visual studio 2010\Projects\atlatec\atlatec\Debug\mt.write.1.tlog
C:\USERS\DEV POUDEL\DOCUMENTS\VISUAL STUDIO 2010\PROJECTS\ATLATEC\ATLATEC\DEBUG\MYVECTOR.OBJ
C:\Users\dev poudel\documents\visual studio 2010\Projects\atlatec\atlatec\Debug\rc.command.1.tlog
C:\Users\dev poudel\documents\visual studio 2010\Projects\atlatec\atlatec\Debug\rc.read.1.tlog
C:\Users\dev poudel\documents\visual studio 2010\Projects\atlatec\atlatec\Debug\rc.write.1.tlog
C:\USERS\DEV POUDEL\DOCUMENTS\VISUAL STUDIO 2010\PROJECTS\ATLATEC\ATLATEC\DEBUG\STDAFX.OBJ
C:\USERS\DEV POUDEL\DOCUMENTS\VISUAL STUDIO 2010\PROJECTS\ATLATEC\ATLATEC\DEBUG\TMATRIX.OBJ
C:\Users\dev poudel\documents\visual studio 2010\Projects\atlatec\atlatec\Debug\vc100.idb
C:\USERS\DEV POUDEL\DOCUMENTS\VISUAL STUDIO 2010\PROJECTS\ATLATEC\ATLATEC\DEBUG\VC100.PDB
C:\USERS\DEV POUDEL\DOCUMENTS\VISUAL STUDIO 2010\PROJECTS\ATLATEC\ATLATEC\DEBUG\VECTOR.OBJ
C:\USERS\DEV POUDEL\DOCUMENTS\VISUAL STUDIO 2010\PROJECTS\ATLATEC\DEBUG\ATLATEC.EXE
C:\USERS\DEV POUDEL\DOCUMENTS\VISUAL STUDIO 2010\PROJECTS\ATLATEC\DEBUG\ATLATEC.ILK
C:\USERS\DEV POUDEL\DOCUMENTS\VISUAL STUDIO 2010\PROJECTS\ATLATEC\DEBUG\ATLATEC.PDB
