Build started 31.10.2015 10:58:42.
     1>Project "C:\Users\dev poudel\documents\visual studio 2010\Projects\atlatec\atlatec\atlatec.vcxproj" on node 2 (build target(s)).
     1>InitializeBuildStatus:
         Creating "Debug\atlatec.unsuccessfulbuild" because "AlwaysCreate" was specified.
       ClCompile:
         All outputs are up-to-date.
         C:\Program Files (x86)\Microsoft Visual Studio 10.0\VC\bin\CL.exe /c /ZI /nologo /W3 /WX- /Od /Oy- /D WIN32 /D _DEBUG /D _CONSOLE /D _UNICODE /D UNICODE /Gm /EHsc /RTC1 /MDd /GS /fp:precise /Zc:wchar_t /Zc:forScope /Yu"StdAfx.h" /Fp"Debug\atlatec.pch" /Fo"Debug\\" /Fd"Debug\vc100.pdb" /Gd /TP /analyze- /errorReport:prompt TMatrix.cpp atlatec.cpp
         atlatec.cpp
     1>c:\users\dev poudel\documents\visual studio 2010\projects\atlatec\atlatec\atlatec.cpp(17): warning C4305: 'argument' : truncation from 'double' to 'const float'
     1>c:\users\dev poudel\documents\visual studio 2010\projects\atlatec\atlatec\atlatec.cpp(32): warning C4305: 'argument' : truncation from 'double' to 'const float'
     1>c:\users\dev poudel\documents\visual studio 2010\projects\atlatec\atlatec\tmatrix.h(97): warning C4244: 'argument' : conversion from 'time_t' to 'unsigned int', possible loss of data
                 c:\users\dev poudel\documents\visual studio 2010\projects\atlatec\atlatec\tmatrix.h(96) : while compiling class template member function 'void dpoudel::Matrix<T>::Initialize(void)'
                 with
                 [
                     T=float
                 ]
                 c:\users\dev poudel\documents\visual studio 2010\projects\atlatec\atlatec\atlatec.cpp(9) : see reference to class template instantiation 'dpoudel::Matrix<T>' being compiled
                 with
                 [
                     T=float
                 ]
     1>c:\users\dev poudel\documents\visual studio 2010\projects\atlatec\atlatec\tmatrix.h(100): warning C4244: '=' : conversion from 'int' to 'float', possible loss of data
     1>c:\users\dev poudel\documents\visual studio 2010\projects\atlatec\atlatec\tmatrix.h(40): warning C4244: '=' : conversion from 'int' to 'float', possible loss of data
                 c:\users\dev poudel\documents\visual studio 2010\projects\atlatec\atlatec\tmatrix.h(38) : while compiling class template member function 'void dpoudel::VectorXd<T>::Initialize(void)'
                 with
                 [
                     T=float
                 ]
                 c:\users\dev poudel\documents\visual studio 2010\projects\atlatec\atlatec\atlatec.cpp(25) : see reference to class template instantiation 'dpoudel::VectorXd<T>' being compiled
                 with
                 [
                     T=float
                 ]
         Generating Code...
         Compiling...
         TMatrix.cpp
         Generating Code...
       ManifestResourceCompile:
         All outputs are up-to-date.
       Link:
         C:\Program Files (x86)\Microsoft Visual Studio 10.0\VC\bin\link.exe /ERRORREPORT:PROMPT /OUT:"C:\Users\dev poudel\documents\visual studio 2010\Projects\atlatec\Debug\atlatec.exe" /INCREMENTAL /NOLOGO kernel32.lib user32.lib gdi32.lib winspool.lib comdlg32.lib advapi32.lib shell32.lib ole32.lib oleaut32.lib uuid.lib odbc32.lib odbccp32.lib /MANIFEST /ManifestFile:"Debug\atlatec.exe.intermediate.manifest" /MANIFESTUAC:"level='asInvoker' uiAccess='false'" /DEBUG /PDB:"C:\Users\dev poudel\documents\visual studio 2010\Projects\atlatec\Debug\atlatec.pdb" /SUBSYSTEM:CONSOLE /TLBID:1 /DYNAMICBASE /NXCOMPAT /IMPLIB:"C:\Users\dev poudel\documents\visual studio 2010\Projects\atlatec\Debug\atlatec.lib" /MACHINE:X86 Debug\atlatec.exe.embed.manifest.res
         Debug\atlatec.obj
         Debug\stdafx.obj
         Debug\TMatrix.obj
       Manifest:
         C:\Program Files (x86)\Microsoft SDKs\Windows\v7.0A\bin\mt.exe /nologo /verbose /out:"Debug\atlatec.exe.embed.manifest" /manifest Debug\atlatec.exe.intermediate.manifest
         All outputs are up-to-date.
       LinkEmbedManifest:
         All outputs are up-to-date.
         atlatec.vcxproj -> C:\Users\dev poudel\documents\visual studio 2010\Projects\atlatec\Debug\atlatec.exe
       FinalizeBuildStatus:
         Deleting file "Debug\atlatec.unsuccessfulbuild".
         Touching "Debug\atlatec.lastbuildstate".
     1>Done Building Project "C:\Users\dev poudel\documents\visual studio 2010\Projects\atlatec\atlatec\atlatec.vcxproj" (build target(s)).

Build succeeded.

Time Elapsed 00:00:05.21
